<?xml version="1.0" encoding="UTF-8"?>
<!-- Generated by org.testng.reporters.JUnitReportReporter -->
<testsuite hostname="DESKTOP-K5FUSRT" failures="0" tests="1" name="com.actitime.testscript.CustomerModule" time="17.103" errors="0" timestamp="2023-05-09T12:55:56 IST" skipped="0">
  <testcase classname="com.actitime.testscript.CustomerModule" name="CreateCustomer" time="17.103"/>
  <system-out>
    <![CDATA[create Customer]]>
  </system-out>
</testsuite> <!-- com.actitime.testscript.CustomerModule -->
