<?xml version="1.0" encoding="UTF-8"?>
<!-- Generated by org.testng.reporters.JUnitReportReporter -->
<testsuite hostname="DESKTOP-K5FUSRT" failures="0" tests="1" name="com.actitime.testscript.NewTasksModule" time="22.452" errors="0" timestamp="2023-05-09T13:15:04 IST" skipped="0">
  <testcase classname="com.actitime.testscript.NewTasksModule" name="NewTasks" time="22.452"/>
  <system-out/>
</testsuite> <!-- com.actitime.testscript.NewTasksModule -->
